<?xml version="1.0" encoding="UTF-8"?>
<!-- Generated by org.testng.reporters.JUnitXMLReporter -->
<testsuite ignored="0" hostname="TOC2LTEBEKHIT" failures="0" tests="3" name="Default test" time="42.57" errors="0" timestamp="2023-10-21T13:03:46 AST">
  <testcase classname="tests.Validate_Packages" name="validate_Packages_KSA" time="29.9"/>
  <testcase classname="tests.Validate_Packages" name="validate_Packages_Kuwait" time="4.978"/>
  <testcase classname="tests.Validate_Packages" name="validate_Packages_Bahrain" time="7.444"/>
</testsuite> <!-- Default test -->
